CRITICAL - 2023-10-31 21:06:41 --> Undefined variable $page
#0 C:\jasa1\app\Views\index.php(529): CodeIgniter\Debug\Exceptions->errorHandler(2, 'Undefined varia...', 'C:\\jasa1\\app\\Vi...', 529)
#1 C:\jasa1\system\View\View.php(210): include('C:\\jasa1\\app\\Vi...')
#2 C:\jasa1\system\View\View.php(213): CodeIgniter\View\View->CodeIgniter\View\{closure}()
#3 C:\jasa1\system\Common.php(1089): CodeIgniter\View\View->render('index', Array, true)
#4 C:\jasa1\app\Controllers\Home.php(9): view('index')
#5 C:\jasa1\system\CodeIgniter.php(832): App\Controllers\Home->index()
#6 C:\jasa1\system\CodeIgniter.php(419): CodeIgniter\CodeIgniter->runController(Object(App\Controllers\Home))
#7 C:\jasa1\system\CodeIgniter.php(326): CodeIgniter\CodeIgniter->handleRequest(NULL, Object(Config\Cache), false)
#8 C:\jasa1\public\index.php(37): CodeIgniter\CodeIgniter->run()
#9 C:\jasa1\system\Commands\Server\rewrite.php(43): require_once('C:\\jasa1\\public...')
#10 {main}
CRITICAL - 2023-10-31 21:10:04 --> Undefined variable $page
#0 C:\jasa1\app\Views\index.php(529): CodeIgniter\Debug\Exceptions->errorHandler(2, 'Undefined varia...', 'C:\\jasa1\\app\\Vi...', 529)
#1 C:\jasa1\system\View\View.php(210): include('C:\\jasa1\\app\\Vi...')
#2 C:\jasa1\system\View\View.php(213): CodeIgniter\View\View->CodeIgniter\View\{closure}()
#3 C:\jasa1\system\Common.php(1089): CodeIgniter\View\View->render('index', Array, true)
#4 C:\jasa1\app\Controllers\Home.php(9): view('index')
#5 C:\jasa1\system\CodeIgniter.php(832): App\Controllers\Home->index()
#6 C:\jasa1\system\CodeIgniter.php(419): CodeIgniter\CodeIgniter->runController(Object(App\Controllers\Home))
#7 C:\jasa1\system\CodeIgniter.php(326): CodeIgniter\CodeIgniter->handleRequest(NULL, Object(Config\Cache), false)
#8 C:\jasa1\public\index.php(37): CodeIgniter\CodeIgniter->run()
#9 C:\jasa1\system\Commands\Server\rewrite.php(43): require_once('C:\\jasa1\\public...')
#10 {main}
CRITICAL - 2023-10-31 21:13:28 --> Can't use function return value in write context
#0 [internal function]: CodeIgniter\Debug\Exceptions->shutdownHandler()
#1 {main}
CRITICAL - 2023-10-31 21:14:32 --> Can't use function return value in write context
#0 [internal function]: CodeIgniter\Debug\Exceptions->shutdownHandler()
#1 {main}
CRITICAL - 2023-10-31 21:15:00 --> Can't use function return value in write context
#0 [internal function]: CodeIgniter\Debug\Exceptions->shutdownHandler()
#1 {main}
CRITICAL - 2023-10-31 21:51:26 --> syntax error, unexpected token "(", expecting variable
#0 C:\jasa1\system\Autoloader\Autoloader.php(241): CodeIgniter\Autoloader\Autoloader->includeFile('C:\\jasa1\\app\\Co...')
#1 C:\jasa1\system\Autoloader\Autoloader.php(219): CodeIgniter\Autoloader\Autoloader->loadInNamespace('App\\Controllers...')
#2 [internal function]: CodeIgniter\Autoloader\Autoloader->loadClass('App\\Controllers...')
#3 C:\jasa1\system\CodeIgniter.php(797): class_exists('\\App\\Controller...', true)
#4 C:\jasa1\system\CodeIgniter.php(406): CodeIgniter\CodeIgniter->startController()
#5 C:\jasa1\system\CodeIgniter.php(326): CodeIgniter\CodeIgniter->handleRequest(NULL, Object(Config\Cache), false)
#6 C:\jasa1\public\index.php(37): CodeIgniter\CodeIgniter->run()
#7 C:\jasa1\system\Commands\Server\rewrite.php(43): require_once('C:\\jasa1\\public...')
#8 {main}
CRITICAL - 2023-10-31 21:52:33 --> Invalid file: jelvino.php
#0 C:\jasa1\system\View\View.php(198): CodeIgniter\Exceptions\FrameworkException::forInvalidFile('jelvino.php')
#1 C:\jasa1\system\Common.php(1089): CodeIgniter\View\View->render('jelvino', Array, true)
#2 C:\jasa1\app\Views\index.php(529): view('jelvino')
#3 C:\jasa1\system\View\View.php(210): include('C:\\jasa1\\app\\Vi...')
#4 C:\jasa1\system\View\View.php(213): CodeIgniter\View\View->CodeIgniter\View\{closure}()
#5 C:\jasa1\system\Common.php(1089): CodeIgniter\View\View->render('index', Array, true)
#6 C:\jasa1\app\Controllers\Home.php(16): view('index', Array)
#7 C:\jasa1\system\CodeIgniter.php(832): App\Controllers\Home->pelanggan()
#8 C:\jasa1\system\CodeIgniter.php(419): CodeIgniter\CodeIgniter->runController(Object(App\Controllers\Home))
#9 C:\jasa1\system\CodeIgniter.php(326): CodeIgniter\CodeIgniter->handleRequest(NULL, Object(Config\Cache), false)
#10 C:\jasa1\public\index.php(37): CodeIgniter\CodeIgniter->run()
#11 C:\jasa1\system\Commands\Server\rewrite.php(43): require_once('C:\\jasa1\\public...')
#12 {main}
