CRITICAL - 2023-10-30 21:50:43 --> Invalid file: index.php
#0 C:\jasa1\system\View\View.php(198): CodeIgniter\Exceptions\FrameworkException::forInvalidFile('index.php')
#1 C:\jasa1\system\Common.php(1089): CodeIgniter\View\View->render('index', Array, true)
#2 C:\jasa1\app\Controllers\Home.php(9): view('index')
#3 C:\jasa1\system\CodeIgniter.php(832): App\Controllers\Home->index()
#4 C:\jasa1\system\CodeIgniter.php(419): CodeIgniter\CodeIgniter->runController(Object(App\Controllers\Home))
#5 C:\jasa1\system\CodeIgniter.php(326): CodeIgniter\CodeIgniter->handleRequest(NULL, Object(Config\Cache), false)
#6 C:\jasa1\public\index.php(37): CodeIgniter\CodeIgniter->run()
#7 C:\jasa1\system\Commands\Server\rewrite.php(43): require_once('C:\\jasa1\\public...')
#8 {main}
CRITICAL - 2023-10-30 22:21:46 --> syntax error, unexpected identifier "assets", expecting ")"
#0 C:\jasa1\system\View\View.php(213): CodeIgniter\View\View->CodeIgniter\View\{closure}()
#1 C:\jasa1\system\Common.php(1089): CodeIgniter\View\View->render('index', Array, true)
#2 C:\jasa1\app\Controllers\Home.php(9): view('index')
#3 C:\jasa1\system\CodeIgniter.php(832): App\Controllers\Home->index()
#4 C:\jasa1\system\CodeIgniter.php(419): CodeIgniter\CodeIgniter->runController(Object(App\Controllers\Home))
#5 C:\jasa1\system\CodeIgniter.php(326): CodeIgniter\CodeIgniter->handleRequest(NULL, Object(Config\Cache), false)
#6 C:\jasa1\public\index.php(37): CodeIgniter\CodeIgniter->run()
#7 C:\jasa1\system\Commands\Server\rewrite.php(43): require_once('C:\\jasa1\\public...')
#8 {main}
CRITICAL - 2023-10-30 22:23:16 --> syntax error, unexpected identifier "assets", expecting ")"
#0 C:\jasa1\system\View\View.php(213): CodeIgniter\View\View->CodeIgniter\View\{closure}()
#1 C:\jasa1\system\Common.php(1089): CodeIgniter\View\View->render('index', Array, true)
#2 C:\jasa1\app\Controllers\Home.php(9): view('index')
#3 C:\jasa1\system\CodeIgniter.php(832): App\Controllers\Home->index()
#4 C:\jasa1\system\CodeIgniter.php(419): CodeIgniter\CodeIgniter->runController(Object(App\Controllers\Home))
#5 C:\jasa1\system\CodeIgniter.php(326): CodeIgniter\CodeIgniter->handleRequest(NULL, Object(Config\Cache), false)
#6 C:\jasa1\public\index.php(37): CodeIgniter\CodeIgniter->run()
#7 C:\jasa1\system\Commands\Server\rewrite.php(43): require_once('C:\\jasa1\\public...')
#8 {main}
CRITICAL - 2023-10-30 22:23:17 --> syntax error, unexpected identifier "assets", expecting ")"
#0 C:\jasa1\system\View\View.php(213): CodeIgniter\View\View->CodeIgniter\View\{closure}()
#1 C:\jasa1\system\Common.php(1089): CodeIgniter\View\View->render('index', Array, true)
#2 C:\jasa1\app\Controllers\Home.php(9): view('index')
#3 C:\jasa1\system\CodeIgniter.php(832): App\Controllers\Home->index()
#4 C:\jasa1\system\CodeIgniter.php(419): CodeIgniter\CodeIgniter->runController(Object(App\Controllers\Home))
#5 C:\jasa1\system\CodeIgniter.php(326): CodeIgniter\CodeIgniter->handleRequest(NULL, Object(Config\Cache), false)
#6 C:\jasa1\public\index.php(37): CodeIgniter\CodeIgniter->run()
#7 C:\jasa1\system\Commands\Server\rewrite.php(43): require_once('C:\\jasa1\\public...')
#8 {main}
CRITICAL - 2023-10-30 22:23:17 --> syntax error, unexpected identifier "assets", expecting ")"
#0 C:\jasa1\system\View\View.php(213): CodeIgniter\View\View->CodeIgniter\View\{closure}()
#1 C:\jasa1\system\Common.php(1089): CodeIgniter\View\View->render('index', Array, true)
#2 C:\jasa1\app\Controllers\Home.php(9): view('index')
#3 C:\jasa1\system\CodeIgniter.php(832): App\Controllers\Home->index()
#4 C:\jasa1\system\CodeIgniter.php(419): CodeIgniter\CodeIgniter->runController(Object(App\Controllers\Home))
#5 C:\jasa1\system\CodeIgniter.php(326): CodeIgniter\CodeIgniter->handleRequest(NULL, Object(Config\Cache), false)
#6 C:\jasa1\public\index.php(37): CodeIgniter\CodeIgniter->run()
#7 C:\jasa1\system\Commands\Server\rewrite.php(43): require_once('C:\\jasa1\\public...')
#8 {main}
CRITICAL - 2023-10-30 22:23:17 --> syntax error, unexpected identifier "assets", expecting ")"
#0 C:\jasa1\system\View\View.php(213): CodeIgniter\View\View->CodeIgniter\View\{closure}()
#1 C:\jasa1\system\Common.php(1089): CodeIgniter\View\View->render('index', Array, true)
#2 C:\jasa1\app\Controllers\Home.php(9): view('index')
#3 C:\jasa1\system\CodeIgniter.php(832): App\Controllers\Home->index()
#4 C:\jasa1\system\CodeIgniter.php(419): CodeIgniter\CodeIgniter->runController(Object(App\Controllers\Home))
#5 C:\jasa1\system\CodeIgniter.php(326): CodeIgniter\CodeIgniter->handleRequest(NULL, Object(Config\Cache), false)
#6 C:\jasa1\public\index.php(37): CodeIgniter\CodeIgniter->run()
#7 C:\jasa1\system\Commands\Server\rewrite.php(43): require_once('C:\\jasa1\\public...')
#8 {main}
