CRITICAL - 2023-11-06 18:25:06 --> Invalid file: jonatnan.php
#0 C:\jasa1\system\View\View.php(198): CodeIgniter\Exceptions\FrameworkException::forInvalidFile('jonatnan.php')
#1 C:\jasa1\system\Common.php(1089): CodeIgniter\View\View->render('jonatnan', Array, true)
#2 C:\jasa1\app\Views\index.php(529): view('jonatnan')
#3 C:\jasa1\system\View\View.php(210): include('C:\\jasa1\\app\\Vi...')
#4 C:\jasa1\system\View\View.php(213): CodeIgniter\View\View->CodeIgniter\View\{closure}()
#5 C:\jasa1\system\Common.php(1089): CodeIgniter\View\View->render('index', Array, true)
#6 C:\jasa1\app\Controllers\Home.php(46): view('index', Array)
#7 C:\jasa1\system\CodeIgniter.php(832): App\Controllers\Home->jonathan()
#8 C:\jasa1\system\CodeIgniter.php(419): CodeIgniter\CodeIgniter->runController(Object(App\Controllers\Home))
#9 C:\jasa1\system\CodeIgniter.php(326): CodeIgniter\CodeIgniter->handleRequest(NULL, Object(Config\Cache), false)
#10 C:\jasa1\public\index.php(37): CodeIgniter\CodeIgniter->run()
#11 C:\jasa1\system\Commands\Server\rewrite.php(43): require_once('C:\\jasa1\\public...')
#12 {main}
CRITICAL - 2023-11-06 20:12:27 --> Invalid file: login.php
#0 C:\jasa1\system\View\View.php(198): CodeIgniter\Exceptions\FrameworkException::forInvalidFile('login.php')
#1 C:\jasa1\system\Common.php(1089): CodeIgniter\View\View->render('login', Array, true)
#2 C:\jasa1\app\Controllers\Home.php(66): view('login')
#3 C:\jasa1\system\CodeIgniter.php(832): App\Controllers\Home->ucup()
#4 C:\jasa1\system\CodeIgniter.php(419): CodeIgniter\CodeIgniter->runController(Object(App\Controllers\Home))
#5 C:\jasa1\system\CodeIgniter.php(326): CodeIgniter\CodeIgniter->handleRequest(NULL, Object(Config\Cache), false)
#6 C:\jasa1\public\index.php(37): CodeIgniter\CodeIgniter->run()
#7 C:\jasa1\system\Commands\Server\rewrite.php(43): require_once('C:\\jasa1\\public...')
#8 {main}
CRITICAL - 2023-11-06 20:12:28 --> Invalid file: login.php
#0 C:\jasa1\system\View\View.php(198): CodeIgniter\Exceptions\FrameworkException::forInvalidFile('login.php')
#1 C:\jasa1\system\Common.php(1089): CodeIgniter\View\View->render('login', Array, true)
#2 C:\jasa1\app\Controllers\Home.php(66): view('login')
#3 C:\jasa1\system\CodeIgniter.php(832): App\Controllers\Home->ucup()
#4 C:\jasa1\system\CodeIgniter.php(419): CodeIgniter\CodeIgniter->runController(Object(App\Controllers\Home))
#5 C:\jasa1\system\CodeIgniter.php(326): CodeIgniter\CodeIgniter->handleRequest(NULL, Object(Config\Cache), false)
#6 C:\jasa1\public\index.php(37): CodeIgniter\CodeIgniter->run()
#7 C:\jasa1\system\Commands\Server\rewrite.php(43): require_once('C:\\jasa1\\public...')
#8 {main}
CRITICAL - 2023-11-06 20:12:29 --> Invalid file: login.php
#0 C:\jasa1\system\View\View.php(198): CodeIgniter\Exceptions\FrameworkException::forInvalidFile('login.php')
#1 C:\jasa1\system\Common.php(1089): CodeIgniter\View\View->render('login', Array, true)
#2 C:\jasa1\app\Controllers\Home.php(66): view('login')
#3 C:\jasa1\system\CodeIgniter.php(832): App\Controllers\Home->ucup()
#4 C:\jasa1\system\CodeIgniter.php(419): CodeIgniter\CodeIgniter->runController(Object(App\Controllers\Home))
#5 C:\jasa1\system\CodeIgniter.php(326): CodeIgniter\CodeIgniter->handleRequest(NULL, Object(Config\Cache), false)
#6 C:\jasa1\public\index.php(37): CodeIgniter\CodeIgniter->run()
#7 C:\jasa1\system\Commands\Server\rewrite.php(43): require_once('C:\\jasa1\\public...')
#8 {main}
CRITICAL - 2023-11-06 20:12:29 --> Invalid file: login.php
#0 C:\jasa1\system\View\View.php(198): CodeIgniter\Exceptions\FrameworkException::forInvalidFile('login.php')
#1 C:\jasa1\system\Common.php(1089): CodeIgniter\View\View->render('login', Array, true)
#2 C:\jasa1\app\Controllers\Home.php(66): view('login')
#3 C:\jasa1\system\CodeIgniter.php(832): App\Controllers\Home->ucup()
#4 C:\jasa1\system\CodeIgniter.php(419): CodeIgniter\CodeIgniter->runController(Object(App\Controllers\Home))
#5 C:\jasa1\system\CodeIgniter.php(326): CodeIgniter\CodeIgniter->handleRequest(NULL, Object(Config\Cache), false)
#6 C:\jasa1\public\index.php(37): CodeIgniter\CodeIgniter->run()
#7 C:\jasa1\system\Commands\Server\rewrite.php(43): require_once('C:\\jasa1\\public...')
#8 {main}
CRITICAL - 2023-11-06 20:26:44 --> syntax error, unexpected identifier "assets", expecting ")"
#0 C:\jasa1\system\View\View.php(213): CodeIgniter\View\View->CodeIgniter\View\{closure}()
#1 C:\jasa1\system\Common.php(1089): CodeIgniter\View\View->render('ucup', Array, true)
#2 C:\jasa1\app\Controllers\Home.php(66): view('ucup')
#3 C:\jasa1\system\CodeIgniter.php(832): App\Controllers\Home->ucup()
#4 C:\jasa1\system\CodeIgniter.php(419): CodeIgniter\CodeIgniter->runController(Object(App\Controllers\Home))
#5 C:\jasa1\system\CodeIgniter.php(326): CodeIgniter\CodeIgniter->handleRequest(NULL, Object(Config\Cache), false)
#6 C:\jasa1\public\index.php(37): CodeIgniter\CodeIgniter->run()
#7 C:\jasa1\system\Commands\Server\rewrite.php(43): require_once('C:\\jasa1\\public...')
#8 {main}
CRITICAL - 2023-11-06 20:28:52 --> syntax error, unexpected single-quoted string ")?>" rel="stylesheet">", expecting "," or ";"
#0 C:\jasa1\system\View\View.php(213): CodeIgniter\View\View->CodeIgniter\View\{closure}()
#1 C:\jasa1\system\Common.php(1089): CodeIgniter\View\View->render('ucup', Array, true)
#2 C:\jasa1\app\Controllers\Home.php(66): view('ucup')
#3 C:\jasa1\system\CodeIgniter.php(832): App\Controllers\Home->ucup()
#4 C:\jasa1\system\CodeIgniter.php(419): CodeIgniter\CodeIgniter->runController(Object(App\Controllers\Home))
#5 C:\jasa1\system\CodeIgniter.php(326): CodeIgniter\CodeIgniter->handleRequest(NULL, Object(Config\Cache), false)
#6 C:\jasa1\public\index.php(37): CodeIgniter\CodeIgniter->run()
#7 C:\jasa1\system\Commands\Server\rewrite.php(43): require_once('C:\\jasa1\\public...')
#8 {main}
CRITICAL - 2023-11-06 20:28:53 --> syntax error, unexpected single-quoted string ")?>" rel="stylesheet">", expecting "," or ";"
#0 C:\jasa1\system\View\View.php(213): CodeIgniter\View\View->CodeIgniter\View\{closure}()
#1 C:\jasa1\system\Common.php(1089): CodeIgniter\View\View->render('ucup', Array, true)
#2 C:\jasa1\app\Controllers\Home.php(66): view('ucup')
#3 C:\jasa1\system\CodeIgniter.php(832): App\Controllers\Home->ucup()
#4 C:\jasa1\system\CodeIgniter.php(419): CodeIgniter\CodeIgniter->runController(Object(App\Controllers\Home))
#5 C:\jasa1\system\CodeIgniter.php(326): CodeIgniter\CodeIgniter->handleRequest(NULL, Object(Config\Cache), false)
#6 C:\jasa1\public\index.php(37): CodeIgniter\CodeIgniter->run()
#7 C:\jasa1\system\Commands\Server\rewrite.php(43): require_once('C:\\jasa1\\public...')
#8 {main}
CRITICAL - 2023-11-06 20:28:53 --> syntax error, unexpected single-quoted string ")?>" rel="stylesheet">", expecting "," or ";"
#0 C:\jasa1\system\View\View.php(213): CodeIgniter\View\View->CodeIgniter\View\{closure}()
#1 C:\jasa1\system\Common.php(1089): CodeIgniter\View\View->render('ucup', Array, true)
#2 C:\jasa1\app\Controllers\Home.php(66): view('ucup')
#3 C:\jasa1\system\CodeIgniter.php(832): App\Controllers\Home->ucup()
#4 C:\jasa1\system\CodeIgniter.php(419): CodeIgniter\CodeIgniter->runController(Object(App\Controllers\Home))
#5 C:\jasa1\system\CodeIgniter.php(326): CodeIgniter\CodeIgniter->handleRequest(NULL, Object(Config\Cache), false)
#6 C:\jasa1\public\index.php(37): CodeIgniter\CodeIgniter->run()
#7 C:\jasa1\system\Commands\Server\rewrite.php(43): require_once('C:\\jasa1\\public...')
#8 {main}
CRITICAL - 2023-11-06 20:30:46 --> syntax error, unexpected string content "assets/js/main.js?>"></script>"
#0 C:\jasa1\system\View\View.php(213): CodeIgniter\View\View->CodeIgniter\View\{closure}()
#1 C:\jasa1\system\Common.php(1089): CodeIgniter\View\View->render('ucup', Array, true)
#2 C:\jasa1\app\Controllers\Home.php(66): view('ucup')
#3 C:\jasa1\system\CodeIgniter.php(832): App\Controllers\Home->ucup()
#4 C:\jasa1\system\CodeIgniter.php(419): CodeIgniter\CodeIgniter->runController(Object(App\Controllers\Home))
#5 C:\jasa1\system\CodeIgniter.php(326): CodeIgniter\CodeIgniter->handleRequest(NULL, Object(Config\Cache), false)
#6 C:\jasa1\public\index.php(37): CodeIgniter\CodeIgniter->run()
#7 C:\jasa1\system\Commands\Server\rewrite.php(43): require_once('C:\\jasa1\\public...')
#8 {main}
CRITICAL - 2023-11-06 20:30:47 --> syntax error, unexpected string content "assets/js/main.js?>"></script>"
#0 C:\jasa1\system\View\View.php(213): CodeIgniter\View\View->CodeIgniter\View\{closure}()
#1 C:\jasa1\system\Common.php(1089): CodeIgniter\View\View->render('ucup', Array, true)
#2 C:\jasa1\app\Controllers\Home.php(66): view('ucup')
#3 C:\jasa1\system\CodeIgniter.php(832): App\Controllers\Home->ucup()
#4 C:\jasa1\system\CodeIgniter.php(419): CodeIgniter\CodeIgniter->runController(Object(App\Controllers\Home))
#5 C:\jasa1\system\CodeIgniter.php(326): CodeIgniter\CodeIgniter->handleRequest(NULL, Object(Config\Cache), false)
#6 C:\jasa1\public\index.php(37): CodeIgniter\CodeIgniter->run()
#7 C:\jasa1\system\Commands\Server\rewrite.php(43): require_once('C:\\jasa1\\public...')
#8 {main}
CRITICAL - 2023-11-06 20:30:48 --> syntax error, unexpected string content "assets/js/main.js?>"></script>"
#0 C:\jasa1\system\View\View.php(213): CodeIgniter\View\View->CodeIgniter\View\{closure}()
#1 C:\jasa1\system\Common.php(1089): CodeIgniter\View\View->render('ucup', Array, true)
#2 C:\jasa1\app\Controllers\Home.php(66): view('ucup')
#3 C:\jasa1\system\CodeIgniter.php(832): App\Controllers\Home->ucup()
#4 C:\jasa1\system\CodeIgniter.php(419): CodeIgniter\CodeIgniter->runController(Object(App\Controllers\Home))
#5 C:\jasa1\system\CodeIgniter.php(326): CodeIgniter\CodeIgniter->handleRequest(NULL, Object(Config\Cache), false)
#6 C:\jasa1\public\index.php(37): CodeIgniter\CodeIgniter->run()
#7 C:\jasa1\system\Commands\Server\rewrite.php(43): require_once('C:\\jasa1\\public...')
#8 {main}
CRITICAL - 2023-11-06 20:30:48 --> syntax error, unexpected string content "assets/js/main.js?>"></script>"
#0 C:\jasa1\system\View\View.php(213): CodeIgniter\View\View->CodeIgniter\View\{closure}()
#1 C:\jasa1\system\Common.php(1089): CodeIgniter\View\View->render('ucup', Array, true)
#2 C:\jasa1\app\Controllers\Home.php(66): view('ucup')
#3 C:\jasa1\system\CodeIgniter.php(832): App\Controllers\Home->ucup()
#4 C:\jasa1\system\CodeIgniter.php(419): CodeIgniter\CodeIgniter->runController(Object(App\Controllers\Home))
#5 C:\jasa1\system\CodeIgniter.php(326): CodeIgniter\CodeIgniter->handleRequest(NULL, Object(Config\Cache), false)
#6 C:\jasa1\public\index.php(37): CodeIgniter\CodeIgniter->run()
#7 C:\jasa1\system\Commands\Server\rewrite.php(43): require_once('C:\\jasa1\\public...')
#8 {main}
CRITICAL - 2023-11-06 20:30:48 --> syntax error, unexpected string content "assets/js/main.js?>"></script>"
#0 C:\jasa1\system\View\View.php(213): CodeIgniter\View\View->CodeIgniter\View\{closure}()
#1 C:\jasa1\system\Common.php(1089): CodeIgniter\View\View->render('ucup', Array, true)
#2 C:\jasa1\app\Controllers\Home.php(66): view('ucup')
#3 C:\jasa1\system\CodeIgniter.php(832): App\Controllers\Home->ucup()
#4 C:\jasa1\system\CodeIgniter.php(419): CodeIgniter\CodeIgniter->runController(Object(App\Controllers\Home))
#5 C:\jasa1\system\CodeIgniter.php(326): CodeIgniter\CodeIgniter->handleRequest(NULL, Object(Config\Cache), false)
#6 C:\jasa1\public\index.php(37): CodeIgniter\CodeIgniter->run()
#7 C:\jasa1\system\Commands\Server\rewrite.php(43): require_once('C:\\jasa1\\public...')
#8 {main}
CRITICAL - 2023-11-06 20:30:49 --> syntax error, unexpected string content "assets/js/main.js?>"></script>"
#0 C:\jasa1\system\View\View.php(213): CodeIgniter\View\View->CodeIgniter\View\{closure}()
#1 C:\jasa1\system\Common.php(1089): CodeIgniter\View\View->render('ucup', Array, true)
#2 C:\jasa1\app\Controllers\Home.php(66): view('ucup')
#3 C:\jasa1\system\CodeIgniter.php(832): App\Controllers\Home->ucup()
#4 C:\jasa1\system\CodeIgniter.php(419): CodeIgniter\CodeIgniter->runController(Object(App\Controllers\Home))
#5 C:\jasa1\system\CodeIgniter.php(326): CodeIgniter\CodeIgniter->handleRequest(NULL, Object(Config\Cache), false)
#6 C:\jasa1\public\index.php(37): CodeIgniter\CodeIgniter->run()
#7 C:\jasa1\system\Commands\Server\rewrite.php(43): require_once('C:\\jasa1\\public...')
#8 {main}
CRITICAL - 2023-11-06 20:30:49 --> syntax error, unexpected string content "assets/js/main.js?>"></script>"
#0 C:\jasa1\system\View\View.php(213): CodeIgniter\View\View->CodeIgniter\View\{closure}()
#1 C:\jasa1\system\Common.php(1089): CodeIgniter\View\View->render('ucup', Array, true)
#2 C:\jasa1\app\Controllers\Home.php(66): view('ucup')
#3 C:\jasa1\system\CodeIgniter.php(832): App\Controllers\Home->ucup()
#4 C:\jasa1\system\CodeIgniter.php(419): CodeIgniter\CodeIgniter->runController(Object(App\Controllers\Home))
#5 C:\jasa1\system\CodeIgniter.php(326): CodeIgniter\CodeIgniter->handleRequest(NULL, Object(Config\Cache), false)
#6 C:\jasa1\public\index.php(37): CodeIgniter\CodeIgniter->run()
#7 C:\jasa1\system\Commands\Server\rewrite.php(43): require_once('C:\\jasa1\\public...')
#8 {main}
