ERROR - 2024-01-23 22:45:21 --> Error connecting to the database: No connection could be made because the target machine actively refused it
CRITICAL - 2024-01-23 22:45:21 --> Unable to connect to the database.
Main connection [MySQLi]: No connection could be made because the target machine actively refused it
#0 C:\ga\system\Database\BaseConnection.php(577): CodeIgniter\Database\BaseConnection->initialize()
#1 C:\ga\system\Database\BaseBuilder.php(1588): CodeIgniter\Database\BaseConnection->query('SELECT *\nFROM `...', Array, false)
#2 C:\ga\app\Models\Opo.php(13): CodeIgniter\Database\BaseBuilder->getWhere(Array)
#3 C:\ga\app\Controllers\Home.php(42): App\Models\Opo->getWhere('user', Array)
#4 C:\ga\system\CodeIgniter.php(832): App\Controllers\Home->aksi_login()
#5 C:\ga\system\CodeIgniter.php(419): CodeIgniter\CodeIgniter->runController(Object(App\Controllers\Home))
#6 C:\ga\system\CodeIgniter.php(326): CodeIgniter\CodeIgniter->handleRequest(NULL, Object(Config\Cache), false)
#7 C:\ga\public\index.php(37): CodeIgniter\CodeIgniter->run()
#8 C:\ga\system\Commands\Server\rewrite.php(43): require_once('C:\\ga\\public\\in...')
#9 {main}
ERROR - 2024-01-23 22:51:56 --> Error connecting to the database: No connection could be made because the target machine actively refused it
CRITICAL - 2024-01-23 22:51:56 --> Unable to connect to the database.
Main connection [MySQLi]: No connection could be made because the target machine actively refused it
#0 C:\ga\system\Database\BaseConnection.php(577): CodeIgniter\Database\BaseConnection->initialize()
#1 C:\ga\system\Database\BaseBuilder.php(1588): CodeIgniter\Database\BaseConnection->query('SELECT *\nFROM `...', Array, false)
#2 C:\ga\app\Models\Opo.php(13): CodeIgniter\Database\BaseBuilder->getWhere(Array)
#3 C:\ga\app\Controllers\Home.php(42): App\Models\Opo->getWhere('user', Array)
#4 C:\ga\system\CodeIgniter.php(832): App\Controllers\Home->aksi_login()
#5 C:\ga\system\CodeIgniter.php(419): CodeIgniter\CodeIgniter->runController(Object(App\Controllers\Home))
#6 C:\ga\system\CodeIgniter.php(326): CodeIgniter\CodeIgniter->handleRequest(NULL, Object(Config\Cache), false)
#7 C:\ga\public\index.php(37): CodeIgniter\CodeIgniter->run()
#8 C:\ga\system\Commands\Server\rewrite.php(43): require_once('C:\\ga\\public\\in...')
#9 {main}
ERROR - 2024-01-23 22:52:12 --> Error connecting to the database: No connection could be made because the target machine actively refused it
CRITICAL - 2024-01-23 22:52:12 --> Unable to connect to the database.
Main connection [MySQLi]: No connection could be made because the target machine actively refused it
#0 C:\ga\system\Database\BaseConnection.php(577): CodeIgniter\Database\BaseConnection->initialize()
#1 C:\ga\system\Database\BaseBuilder.php(1588): CodeIgniter\Database\BaseConnection->query('SELECT *\nFROM `...', Array, false)
#2 C:\ga\app\Models\Opo.php(13): CodeIgniter\Database\BaseBuilder->getWhere(Array)
#3 C:\ga\app\Controllers\Home.php(42): App\Models\Opo->getWhere('user', Array)
#4 C:\ga\system\CodeIgniter.php(832): App\Controllers\Home->aksi_login()
#5 C:\ga\system\CodeIgniter.php(419): CodeIgniter\CodeIgniter->runController(Object(App\Controllers\Home))
#6 C:\ga\system\CodeIgniter.php(326): CodeIgniter\CodeIgniter->handleRequest(NULL, Object(Config\Cache), false)
#7 C:\ga\public\index.php(37): CodeIgniter\CodeIgniter->run()
#8 C:\ga\system\Commands\Server\rewrite.php(43): require_once('C:\\ga\\public\\in...')
#9 {main}
