CRITICAL - 2023-11-27 20:11:32 --> Undefined variable $pacaran
#0 C:\jasa1\app\Views\uja.php(31): CodeIgniter\Debug\Exceptions->errorHandler(2, 'Undefined varia...', 'C:\\jasa1\\app\\Vi...', 31)
#1 C:\jasa1\system\View\View.php(210): include('C:\\jasa1\\app\\Vi...')
#2 C:\jasa1\system\View\View.php(213): CodeIgniter\View\View->CodeIgniter\View\{closure}()
#3 C:\jasa1\system\Common.php(1089): CodeIgniter\View\View->render('uja', Array, true)
#4 C:\jasa1\app\Views\index.php(485): view('uja')
#5 C:\jasa1\system\View\View.php(210): include('C:\\jasa1\\app\\Vi...')
#6 C:\jasa1\system\View\View.php(213): CodeIgniter\View\View->CodeIgniter\View\{closure}()
#7 C:\jasa1\system\Common.php(1089): CodeIgniter\View\View->render('index', Array, true)
#8 C:\jasa1\app\Controllers\Home.php(89): view('index', Array)
#9 C:\jasa1\system\CodeIgniter.php(832): App\Controllers\Home->uja()
#10 C:\jasa1\system\CodeIgniter.php(419): CodeIgniter\CodeIgniter->runController(Object(App\Controllers\Home))
#11 C:\jasa1\system\CodeIgniter.php(326): CodeIgniter\CodeIgniter->handleRequest(NULL, Object(Config\Cache), false)
#12 C:\jasa1\public\index.php(37): CodeIgniter\CodeIgniter->run()
#13 C:\jasa1\system\Commands\Server\rewrite.php(43): require_once('C:\\jasa1\\public...')
#14 {main}
CRITICAL - 2023-11-27 20:18:46 --> syntax error, unexpected token "public"
#0 C:\jasa1\system\Router\Router.php(175): CodeIgniter\Router\Router->autoRoute('home/ph')
#1 C:\jasa1\system\CodeIgniter.php(726): CodeIgniter\Router\Router->handle('home/ph')
#2 C:\jasa1\system\CodeIgniter.php(368): CodeIgniter\CodeIgniter->tryToRouteIt(Object(CodeIgniter\Router\RouteCollection))
#3 C:\jasa1\system\CodeIgniter.php(326): CodeIgniter\CodeIgniter->handleRequest(NULL, Object(Config\Cache), false)
#4 C:\jasa1\public\index.php(37): CodeIgniter\CodeIgniter->run()
#5 C:\jasa1\system\Commands\Server\rewrite.php(43): require_once('C:\\jasa1\\public...')
#6 {main}
CRITICAL - 2023-11-27 20:22:17 --> syntax error, unexpected token "public"
#0 C:\jasa1\system\Router\Router.php(175): CodeIgniter\Router\Router->autoRoute('home/bp')
#1 C:\jasa1\system\CodeIgniter.php(726): CodeIgniter\Router\Router->handle('home/bp')
#2 C:\jasa1\system\CodeIgniter.php(368): CodeIgniter\CodeIgniter->tryToRouteIt(Object(CodeIgniter\Router\RouteCollection))
#3 C:\jasa1\system\CodeIgniter.php(326): CodeIgniter\CodeIgniter->handleRequest(NULL, Object(Config\Cache), false)
#4 C:\jasa1\public\index.php(37): CodeIgniter\CodeIgniter->run()
#5 C:\jasa1\system\Commands\Server\rewrite.php(43): require_once('C:\\jasa1\\public...')
#6 {main}
CRITICAL - 2023-11-27 20:23:22 --> syntax error, unexpected token "public"
#0 C:\jasa1\system\Router\Router.php(175): CodeIgniter\Router\Router->autoRoute('home/bp')
#1 C:\jasa1\system\CodeIgniter.php(726): CodeIgniter\Router\Router->handle('home/bp')
#2 C:\jasa1\system\CodeIgniter.php(368): CodeIgniter\CodeIgniter->tryToRouteIt(Object(CodeIgniter\Router\RouteCollection))
#3 C:\jasa1\system\CodeIgniter.php(326): CodeIgniter\CodeIgniter->handleRequest(NULL, Object(Config\Cache), false)
#4 C:\jasa1\public\index.php(37): CodeIgniter\CodeIgniter->run()
#5 C:\jasa1\system\Commands\Server\rewrite.php(43): require_once('C:\\jasa1\\public...')
#6 {main}
CRITICAL - 2023-11-27 20:23:25 --> syntax error, unexpected token "public"
#0 C:\jasa1\system\Router\Router.php(175): CodeIgniter\Router\Router->autoRoute('home/jelvino')
#1 C:\jasa1\system\CodeIgniter.php(726): CodeIgniter\Router\Router->handle('home/jelvino')
#2 C:\jasa1\system\CodeIgniter.php(368): CodeIgniter\CodeIgniter->tryToRouteIt(Object(CodeIgniter\Router\RouteCollection))
#3 C:\jasa1\system\CodeIgniter.php(326): CodeIgniter\CodeIgniter->handleRequest(NULL, Object(Config\Cache), false)
#4 C:\jasa1\public\index.php(37): CodeIgniter\CodeIgniter->run()
#5 C:\jasa1\system\Commands\Server\rewrite.php(43): require_once('C:\\jasa1\\public...')
#6 {main}
CRITICAL - 2023-11-27 20:23:28 --> syntax error, unexpected token "public"
#0 C:\jasa1\system\Router\Router.php(175): CodeIgniter\Router\Router->autoRoute('home/ko')
#1 C:\jasa1\system\CodeIgniter.php(726): CodeIgniter\Router\Router->handle('home/ko')
#2 C:\jasa1\system\CodeIgniter.php(368): CodeIgniter\CodeIgniter->tryToRouteIt(Object(CodeIgniter\Router\RouteCollection))
#3 C:\jasa1\system\CodeIgniter.php(326): CodeIgniter\CodeIgniter->handleRequest(NULL, Object(Config\Cache), false)
#4 C:\jasa1\public\index.php(37): CodeIgniter\CodeIgniter->run()
#5 C:\jasa1\system\Commands\Server\rewrite.php(43): require_once('C:\\jasa1\\public...')
#6 {main}
CRITICAL - 2023-11-27 20:24:41 --> Undefined variable $pacaran
#0 C:\jasa1\app\Views\uja.php(31): CodeIgniter\Debug\Exceptions->errorHandler(2, 'Undefined varia...', 'C:\\jasa1\\app\\Vi...', 31)
#1 C:\jasa1\system\View\View.php(210): include('C:\\jasa1\\app\\Vi...')
#2 C:\jasa1\system\View\View.php(213): CodeIgniter\View\View->CodeIgniter\View\{closure}()
#3 C:\jasa1\system\Common.php(1089): CodeIgniter\View\View->render('uja', Array, true)
#4 C:\jasa1\app\Views\index.php(485): view('uja')
#5 C:\jasa1\system\View\View.php(210): include('C:\\jasa1\\app\\Vi...')
#6 C:\jasa1\system\View\View.php(213): CodeIgniter\View\View->CodeIgniter\View\{closure}()
#7 C:\jasa1\system\Common.php(1089): CodeIgniter\View\View->render('index', Array, true)
#8 C:\jasa1\app\Controllers\Home.php(102): view('index', Array)
#9 C:\jasa1\system\CodeIgniter.php(832): App\Controllers\Home->uja()
#10 C:\jasa1\system\CodeIgniter.php(419): CodeIgniter\CodeIgniter->runController(Object(App\Controllers\Home))
#11 C:\jasa1\system\CodeIgniter.php(326): CodeIgniter\CodeIgniter->handleRequest(NULL, Object(Config\Cache), false)
#12 C:\jasa1\public\index.php(37): CodeIgniter\CodeIgniter->run()
#13 C:\jasa1\system\Commands\Server\rewrite.php(43): require_once('C:\\jasa1\\public...')
#14 {main}
CRITICAL - 2023-11-27 20:25:22 --> Undefined variable $pacaran
#0 C:\jasa1\app\Views\uja.php(31): CodeIgniter\Debug\Exceptions->errorHandler(2, 'Undefined varia...', 'C:\\jasa1\\app\\Vi...', 31)
#1 C:\jasa1\system\View\View.php(210): include('C:\\jasa1\\app\\Vi...')
#2 C:\jasa1\system\View\View.php(213): CodeIgniter\View\View->CodeIgniter\View\{closure}()
#3 C:\jasa1\system\Common.php(1089): CodeIgniter\View\View->render('uja', Array, true)
#4 C:\jasa1\app\Views\index.php(485): view('uja')
#5 C:\jasa1\system\View\View.php(210): include('C:\\jasa1\\app\\Vi...')
#6 C:\jasa1\system\View\View.php(213): CodeIgniter\View\View->CodeIgniter\View\{closure}()
#7 C:\jasa1\system\Common.php(1089): CodeIgniter\View\View->render('index', Array, true)
#8 C:\jasa1\app\Controllers\Home.php(102): view('index', Array)
#9 C:\jasa1\system\CodeIgniter.php(832): App\Controllers\Home->uja()
#10 C:\jasa1\system\CodeIgniter.php(419): CodeIgniter\CodeIgniter->runController(Object(App\Controllers\Home))
#11 C:\jasa1\system\CodeIgniter.php(326): CodeIgniter\CodeIgniter->handleRequest(NULL, Object(Config\Cache), false)
#12 C:\jasa1\public\index.php(37): CodeIgniter\CodeIgniter->run()
#13 C:\jasa1\system\Commands\Server\rewrite.php(43): require_once('C:\\jasa1\\public...')
#14 {main}
CRITICAL - 2023-11-27 20:35:51 --> Undefined variable $pacaran
#0 C:\jasa1\app\Views\uja.php(31): CodeIgniter\Debug\Exceptions->errorHandler(2, 'Undefined varia...', 'C:\\jasa1\\app\\Vi...', 31)
#1 C:\jasa1\system\View\View.php(210): include('C:\\jasa1\\app\\Vi...')
#2 C:\jasa1\system\View\View.php(213): CodeIgniter\View\View->CodeIgniter\View\{closure}()
#3 C:\jasa1\system\Common.php(1089): CodeIgniter\View\View->render('uja', Array, true)
#4 C:\jasa1\app\Views\index.php(485): view('uja')
#5 C:\jasa1\system\View\View.php(210): include('C:\\jasa1\\app\\Vi...')
#6 C:\jasa1\system\View\View.php(213): CodeIgniter\View\View->CodeIgniter\View\{closure}()
#7 C:\jasa1\system\Common.php(1089): CodeIgniter\View\View->render('index', Array, true)
#8 C:\jasa1\app\Controllers\Home.php(102): view('index', Array)
#9 C:\jasa1\system\CodeIgniter.php(832): App\Controllers\Home->uja()
#10 C:\jasa1\system\CodeIgniter.php(419): CodeIgniter\CodeIgniter->runController(Object(App\Controllers\Home))
#11 C:\jasa1\system\CodeIgniter.php(326): CodeIgniter\CodeIgniter->handleRequest(NULL, Object(Config\Cache), false)
#12 C:\jasa1\public\index.php(37): CodeIgniter\CodeIgniter->run()
#13 C:\jasa1\system\Commands\Server\rewrite.php(43): require_once('C:\\jasa1\\public...')
#14 {main}
CRITICAL - 2023-11-27 20:35:57 --> Undefined variable $pacaran
#0 C:\jasa1\app\Views\uja.php(31): CodeIgniter\Debug\Exceptions->errorHandler(2, 'Undefined varia...', 'C:\\jasa1\\app\\Vi...', 31)
#1 C:\jasa1\system\View\View.php(210): include('C:\\jasa1\\app\\Vi...')
#2 C:\jasa1\system\View\View.php(213): CodeIgniter\View\View->CodeIgniter\View\{closure}()
#3 C:\jasa1\system\Common.php(1089): CodeIgniter\View\View->render('uja', Array, true)
#4 C:\jasa1\app\Views\index.php(485): view('uja')
#5 C:\jasa1\system\View\View.php(210): include('C:\\jasa1\\app\\Vi...')
#6 C:\jasa1\system\View\View.php(213): CodeIgniter\View\View->CodeIgniter\View\{closure}()
#7 C:\jasa1\system\Common.php(1089): CodeIgniter\View\View->render('index', Array, true)
#8 C:\jasa1\app\Controllers\Home.php(102): view('index', Array)
#9 C:\jasa1\system\CodeIgniter.php(832): App\Controllers\Home->uja()
#10 C:\jasa1\system\CodeIgniter.php(419): CodeIgniter\CodeIgniter->runController(Object(App\Controllers\Home))
#11 C:\jasa1\system\CodeIgniter.php(326): CodeIgniter\CodeIgniter->handleRequest(NULL, Object(Config\Cache), false)
#12 C:\jasa1\public\index.php(37): CodeIgniter\CodeIgniter->run()
#13 C:\jasa1\system\Commands\Server\rewrite.php(43): require_once('C:\\jasa1\\public...')
#14 {main}
CRITICAL - 2023-11-27 20:36:18 --> Undefined variable $pacaran
#0 C:\jasa1\app\Views\uja.php(31): CodeIgniter\Debug\Exceptions->errorHandler(2, 'Undefined varia...', 'C:\\jasa1\\app\\Vi...', 31)
#1 C:\jasa1\system\View\View.php(210): include('C:\\jasa1\\app\\Vi...')
#2 C:\jasa1\system\View\View.php(213): CodeIgniter\View\View->CodeIgniter\View\{closure}()
#3 C:\jasa1\system\Common.php(1089): CodeIgniter\View\View->render('uja', Array, true)
#4 C:\jasa1\app\Views\index.php(485): view('uja')
#5 C:\jasa1\system\View\View.php(210): include('C:\\jasa1\\app\\Vi...')
#6 C:\jasa1\system\View\View.php(213): CodeIgniter\View\View->CodeIgniter\View\{closure}()
#7 C:\jasa1\system\Common.php(1089): CodeIgniter\View\View->render('index', Array, true)
#8 C:\jasa1\app\Controllers\Home.php(102): view('index', Array)
#9 C:\jasa1\system\CodeIgniter.php(832): App\Controllers\Home->uja()
#10 C:\jasa1\system\CodeIgniter.php(419): CodeIgniter\CodeIgniter->runController(Object(App\Controllers\Home))
#11 C:\jasa1\system\CodeIgniter.php(326): CodeIgniter\CodeIgniter->handleRequest(NULL, Object(Config\Cache), false)
#12 C:\jasa1\public\index.php(37): CodeIgniter\CodeIgniter->run()
#13 C:\jasa1\system\Commands\Server\rewrite.php(43): require_once('C:\\jasa1\\public...')
#14 {main}
CRITICAL - 2023-11-27 20:37:16 --> Attempt to read property "id_pelanggan" on string
#0 C:\jasa1\app\Views\sales.php(39): CodeIgniter\Debug\Exceptions->errorHandler(2, 'Attempt to read...', 'C:\\jasa1\\app\\Vi...', 39)
#1 C:\jasa1\system\View\View.php(210): include('C:\\jasa1\\app\\Vi...')
#2 C:\jasa1\system\View\View.php(213): CodeIgniter\View\View->CodeIgniter\View\{closure}()
#3 C:\jasa1\system\Common.php(1089): CodeIgniter\View\View->render('sales', Array, true)
#4 C:\jasa1\app\Views\index.php(485): view('sales')
#5 C:\jasa1\system\View\View.php(210): include('C:\\jasa1\\app\\Vi...')
#6 C:\jasa1\system\View\View.php(213): CodeIgniter\View\View->CodeIgniter\View\{closure}()
#7 C:\jasa1\system\Common.php(1089): CodeIgniter\View\View->render('index', Array, true)
#8 C:\jasa1\app\Controllers\Home.php(17): view('index', Array)
#9 C:\jasa1\system\CodeIgniter.php(832): App\Controllers\Home->index()
#10 C:\jasa1\system\CodeIgniter.php(419): CodeIgniter\CodeIgniter->runController(Object(App\Controllers\Home))
#11 C:\jasa1\system\CodeIgniter.php(326): CodeIgniter\CodeIgniter->handleRequest(NULL, Object(Config\Cache), false)
#12 C:\jasa1\public\index.php(37): CodeIgniter\CodeIgniter->run()
#13 C:\jasa1\system\Commands\Server\rewrite.php(43): require_once('C:\\jasa1\\public...')
#14 {main}
CRITICAL - 2023-11-27 20:38:42 --> Attempt to read property "id_pelanggan" on string
#0 C:\jasa1\app\Views\sales.php(38): CodeIgniter\Debug\Exceptions->errorHandler(2, 'Attempt to read...', 'C:\\jasa1\\app\\Vi...', 38)
#1 C:\jasa1\system\View\View.php(210): include('C:\\jasa1\\app\\Vi...')
#2 C:\jasa1\system\View\View.php(213): CodeIgniter\View\View->CodeIgniter\View\{closure}()
#3 C:\jasa1\system\Common.php(1089): CodeIgniter\View\View->render('sales', Array, true)
#4 C:\jasa1\app\Views\index.php(485): view('sales')
#5 C:\jasa1\system\View\View.php(210): include('C:\\jasa1\\app\\Vi...')
#6 C:\jasa1\system\View\View.php(213): CodeIgniter\View\View->CodeIgniter\View\{closure}()
#7 C:\jasa1\system\Common.php(1089): CodeIgniter\View\View->render('index', Array, true)
#8 C:\jasa1\app\Controllers\Home.php(17): view('index', Array)
#9 C:\jasa1\system\CodeIgniter.php(832): App\Controllers\Home->index()
#10 C:\jasa1\system\CodeIgniter.php(419): CodeIgniter\CodeIgniter->runController(Object(App\Controllers\Home))
#11 C:\jasa1\system\CodeIgniter.php(326): CodeIgniter\CodeIgniter->handleRequest(NULL, Object(Config\Cache), false)
#12 C:\jasa1\public\index.php(37): CodeIgniter\CodeIgniter->run()
#13 C:\jasa1\system\Commands\Server\rewrite.php(43): require_once('C:\\jasa1\\public...')
#14 {main}
CRITICAL - 2023-11-27 20:38:43 --> Attempt to read property "id_pelanggan" on string
#0 C:\jasa1\app\Views\sales.php(38): CodeIgniter\Debug\Exceptions->errorHandler(2, 'Attempt to read...', 'C:\\jasa1\\app\\Vi...', 38)
#1 C:\jasa1\system\View\View.php(210): include('C:\\jasa1\\app\\Vi...')
#2 C:\jasa1\system\View\View.php(213): CodeIgniter\View\View->CodeIgniter\View\{closure}()
#3 C:\jasa1\system\Common.php(1089): CodeIgniter\View\View->render('sales', Array, true)
#4 C:\jasa1\app\Views\index.php(485): view('sales')
#5 C:\jasa1\system\View\View.php(210): include('C:\\jasa1\\app\\Vi...')
#6 C:\jasa1\system\View\View.php(213): CodeIgniter\View\View->CodeIgniter\View\{closure}()
#7 C:\jasa1\system\Common.php(1089): CodeIgniter\View\View->render('index', Array, true)
#8 C:\jasa1\app\Controllers\Home.php(17): view('index', Array)
#9 C:\jasa1\system\CodeIgniter.php(832): App\Controllers\Home->index()
#10 C:\jasa1\system\CodeIgniter.php(419): CodeIgniter\CodeIgniter->runController(Object(App\Controllers\Home))
#11 C:\jasa1\system\CodeIgniter.php(326): CodeIgniter\CodeIgniter->handleRequest(NULL, Object(Config\Cache), false)
#12 C:\jasa1\public\index.php(37): CodeIgniter\CodeIgniter->run()
#13 C:\jasa1\system\Commands\Server\rewrite.php(43): require_once('C:\\jasa1\\public...')
#14 {main}
CRITICAL - 2023-11-27 20:38:44 --> Attempt to read property "id_pelanggan" on string
#0 C:\jasa1\app\Views\sales.php(38): CodeIgniter\Debug\Exceptions->errorHandler(2, 'Attempt to read...', 'C:\\jasa1\\app\\Vi...', 38)
#1 C:\jasa1\system\View\View.php(210): include('C:\\jasa1\\app\\Vi...')
#2 C:\jasa1\system\View\View.php(213): CodeIgniter\View\View->CodeIgniter\View\{closure}()
#3 C:\jasa1\system\Common.php(1089): CodeIgniter\View\View->render('sales', Array, true)
#4 C:\jasa1\app\Views\index.php(485): view('sales')
#5 C:\jasa1\system\View\View.php(210): include('C:\\jasa1\\app\\Vi...')
#6 C:\jasa1\system\View\View.php(213): CodeIgniter\View\View->CodeIgniter\View\{closure}()
#7 C:\jasa1\system\Common.php(1089): CodeIgniter\View\View->render('index', Array, true)
#8 C:\jasa1\app\Controllers\Home.php(17): view('index', Array)
#9 C:\jasa1\system\CodeIgniter.php(832): App\Controllers\Home->index()
#10 C:\jasa1\system\CodeIgniter.php(419): CodeIgniter\CodeIgniter->runController(Object(App\Controllers\Home))
#11 C:\jasa1\system\CodeIgniter.php(326): CodeIgniter\CodeIgniter->handleRequest(NULL, Object(Config\Cache), false)
#12 C:\jasa1\public\index.php(37): CodeIgniter\CodeIgniter->run()
#13 C:\jasa1\system\Commands\Server\rewrite.php(43): require_once('C:\\jasa1\\public...')
#14 {main}
CRITICAL - 2023-11-27 20:38:44 --> Attempt to read property "id_pelanggan" on string
#0 C:\jasa1\app\Views\sales.php(38): CodeIgniter\Debug\Exceptions->errorHandler(2, 'Attempt to read...', 'C:\\jasa1\\app\\Vi...', 38)
#1 C:\jasa1\system\View\View.php(210): include('C:\\jasa1\\app\\Vi...')
#2 C:\jasa1\system\View\View.php(213): CodeIgniter\View\View->CodeIgniter\View\{closure}()
#3 C:\jasa1\system\Common.php(1089): CodeIgniter\View\View->render('sales', Array, true)
#4 C:\jasa1\app\Views\index.php(485): view('sales')
#5 C:\jasa1\system\View\View.php(210): include('C:\\jasa1\\app\\Vi...')
#6 C:\jasa1\system\View\View.php(213): CodeIgniter\View\View->CodeIgniter\View\{closure}()
#7 C:\jasa1\system\Common.php(1089): CodeIgniter\View\View->render('index', Array, true)
#8 C:\jasa1\app\Controllers\Home.php(17): view('index', Array)
#9 C:\jasa1\system\CodeIgniter.php(832): App\Controllers\Home->index()
#10 C:\jasa1\system\CodeIgniter.php(419): CodeIgniter\CodeIgniter->runController(Object(App\Controllers\Home))
#11 C:\jasa1\system\CodeIgniter.php(326): CodeIgniter\CodeIgniter->handleRequest(NULL, Object(Config\Cache), false)
#12 C:\jasa1\public\index.php(37): CodeIgniter\CodeIgniter->run()
#13 C:\jasa1\system\Commands\Server\rewrite.php(43): require_once('C:\\jasa1\\public...')
#14 {main}
CRITICAL - 2023-11-27 20:40:16 --> Attempt to read property "id_pelanggan" on string
#0 C:\jasa1\app\Views\sales.php(39): CodeIgniter\Debug\Exceptions->errorHandler(2, 'Attempt to read...', 'C:\\jasa1\\app\\Vi...', 39)
#1 C:\jasa1\system\View\View.php(210): include('C:\\jasa1\\app\\Vi...')
#2 C:\jasa1\system\View\View.php(213): CodeIgniter\View\View->CodeIgniter\View\{closure}()
#3 C:\jasa1\system\Common.php(1089): CodeIgniter\View\View->render('sales', Array, true)
#4 C:\jasa1\app\Views\index.php(485): view('sales')
#5 C:\jasa1\system\View\View.php(210): include('C:\\jasa1\\app\\Vi...')
#6 C:\jasa1\system\View\View.php(213): CodeIgniter\View\View->CodeIgniter\View\{closure}()
#7 C:\jasa1\system\Common.php(1089): CodeIgniter\View\View->render('index', Array, true)
#8 C:\jasa1\app\Controllers\Home.php(17): view('index', Array)
#9 C:\jasa1\system\CodeIgniter.php(832): App\Controllers\Home->index()
#10 C:\jasa1\system\CodeIgniter.php(419): CodeIgniter\CodeIgniter->runController(Object(App\Controllers\Home))
#11 C:\jasa1\system\CodeIgniter.php(326): CodeIgniter\CodeIgniter->handleRequest(NULL, Object(Config\Cache), false)
#12 C:\jasa1\public\index.php(37): CodeIgniter\CodeIgniter->run()
#13 C:\jasa1\system\Commands\Server\rewrite.php(43): require_once('C:\\jasa1\\public...')
#14 {main}
CRITICAL - 2023-11-27 20:43:21 --> Undefined variable $21908736
#0 C:\jasa1\app\Views\sales.php(37): CodeIgniter\Debug\Exceptions->errorHandler(2, 'Undefined varia...', 'C:\\jasa1\\app\\Vi...', 37)
#1 C:\jasa1\system\View\View.php(210): include('C:\\jasa1\\app\\Vi...')
#2 C:\jasa1\system\View\View.php(213): CodeIgniter\View\View->CodeIgniter\View\{closure}()
#3 C:\jasa1\system\Common.php(1089): CodeIgniter\View\View->render('sales', Array, true)
#4 C:\jasa1\app\Views\index.php(485): view('sales')
#5 C:\jasa1\system\View\View.php(210): include('C:\\jasa1\\app\\Vi...')
#6 C:\jasa1\system\View\View.php(213): CodeIgniter\View\View->CodeIgniter\View\{closure}()
#7 C:\jasa1\system\Common.php(1089): CodeIgniter\View\View->render('index', Array, true)
#8 C:\jasa1\app\Controllers\Home.php(17): view('index', Array)
#9 C:\jasa1\system\CodeIgniter.php(832): App\Controllers\Home->index()
#10 C:\jasa1\system\CodeIgniter.php(419): CodeIgniter\CodeIgniter->runController(Object(App\Controllers\Home))
#11 C:\jasa1\system\CodeIgniter.php(326): CodeIgniter\CodeIgniter->handleRequest(NULL, Object(Config\Cache), false)
#12 C:\jasa1\public\index.php(37): CodeIgniter\CodeIgniter->run()
#13 C:\jasa1\system\Commands\Server\rewrite.php(43): require_once('C:\\jasa1\\public...')
#14 {main}
CRITICAL - 2023-11-27 20:43:22 --> Undefined variable $21908736
#0 C:\jasa1\app\Views\sales.php(37): CodeIgniter\Debug\Exceptions->errorHandler(2, 'Undefined varia...', 'C:\\jasa1\\app\\Vi...', 37)
#1 C:\jasa1\system\View\View.php(210): include('C:\\jasa1\\app\\Vi...')
#2 C:\jasa1\system\View\View.php(213): CodeIgniter\View\View->CodeIgniter\View\{closure}()
#3 C:\jasa1\system\Common.php(1089): CodeIgniter\View\View->render('sales', Array, true)
#4 C:\jasa1\app\Views\index.php(485): view('sales')
#5 C:\jasa1\system\View\View.php(210): include('C:\\jasa1\\app\\Vi...')
#6 C:\jasa1\system\View\View.php(213): CodeIgniter\View\View->CodeIgniter\View\{closure}()
#7 C:\jasa1\system\Common.php(1089): CodeIgniter\View\View->render('index', Array, true)
#8 C:\jasa1\app\Controllers\Home.php(17): view('index', Array)
#9 C:\jasa1\system\CodeIgniter.php(832): App\Controllers\Home->index()
#10 C:\jasa1\system\CodeIgniter.php(419): CodeIgniter\CodeIgniter->runController(Object(App\Controllers\Home))
#11 C:\jasa1\system\CodeIgniter.php(326): CodeIgniter\CodeIgniter->handleRequest(NULL, Object(Config\Cache), false)
#12 C:\jasa1\public\index.php(37): CodeIgniter\CodeIgniter->run()
#13 C:\jasa1\system\Commands\Server\rewrite.php(43): require_once('C:\\jasa1\\public...')
#14 {main}
CRITICAL - 2023-11-27 20:43:23 --> Undefined variable $21908736
#0 C:\jasa1\app\Views\sales.php(37): CodeIgniter\Debug\Exceptions->errorHandler(2, 'Undefined varia...', 'C:\\jasa1\\app\\Vi...', 37)
#1 C:\jasa1\system\View\View.php(210): include('C:\\jasa1\\app\\Vi...')
#2 C:\jasa1\system\View\View.php(213): CodeIgniter\View\View->CodeIgniter\View\{closure}()
#3 C:\jasa1\system\Common.php(1089): CodeIgniter\View\View->render('sales', Array, true)
#4 C:\jasa1\app\Views\index.php(485): view('sales')
#5 C:\jasa1\system\View\View.php(210): include('C:\\jasa1\\app\\Vi...')
#6 C:\jasa1\system\View\View.php(213): CodeIgniter\View\View->CodeIgniter\View\{closure}()
#7 C:\jasa1\system\Common.php(1089): CodeIgniter\View\View->render('index', Array, true)
#8 C:\jasa1\app\Controllers\Home.php(17): view('index', Array)
#9 C:\jasa1\system\CodeIgniter.php(832): App\Controllers\Home->index()
#10 C:\jasa1\system\CodeIgniter.php(419): CodeIgniter\CodeIgniter->runController(Object(App\Controllers\Home))
#11 C:\jasa1\system\CodeIgniter.php(326): CodeIgniter\CodeIgniter->handleRequest(NULL, Object(Config\Cache), false)
#12 C:\jasa1\public\index.php(37): CodeIgniter\CodeIgniter->run()
#13 C:\jasa1\system\Commands\Server\rewrite.php(43): require_once('C:\\jasa1\\public...')
#14 {main}
CRITICAL - 2023-11-27 20:43:23 --> Undefined variable $21908736
#0 C:\jasa1\app\Views\sales.php(37): CodeIgniter\Debug\Exceptions->errorHandler(2, 'Undefined varia...', 'C:\\jasa1\\app\\Vi...', 37)
#1 C:\jasa1\system\View\View.php(210): include('C:\\jasa1\\app\\Vi...')
#2 C:\jasa1\system\View\View.php(213): CodeIgniter\View\View->CodeIgniter\View\{closure}()
#3 C:\jasa1\system\Common.php(1089): CodeIgniter\View\View->render('sales', Array, true)
#4 C:\jasa1\app\Views\index.php(485): view('sales')
#5 C:\jasa1\system\View\View.php(210): include('C:\\jasa1\\app\\Vi...')
#6 C:\jasa1\system\View\View.php(213): CodeIgniter\View\View->CodeIgniter\View\{closure}()
#7 C:\jasa1\system\Common.php(1089): CodeIgniter\View\View->render('index', Array, true)
#8 C:\jasa1\app\Controllers\Home.php(17): view('index', Array)
#9 C:\jasa1\system\CodeIgniter.php(832): App\Controllers\Home->index()
#10 C:\jasa1\system\CodeIgniter.php(419): CodeIgniter\CodeIgniter->runController(Object(App\Controllers\Home))
#11 C:\jasa1\system\CodeIgniter.php(326): CodeIgniter\CodeIgniter->handleRequest(NULL, Object(Config\Cache), false)
#12 C:\jasa1\public\index.php(37): CodeIgniter\CodeIgniter->run()
#13 C:\jasa1\system\Commands\Server\rewrite.php(43): require_once('C:\\jasa1\\public...')
#14 {main}
CRITICAL - 2023-11-27 20:43:30 --> Attempt to read property "id_pelanggan" on string
#0 C:\jasa1\app\Views\sales.php(37): CodeIgniter\Debug\Exceptions->errorHandler(2, 'Attempt to read...', 'C:\\jasa1\\app\\Vi...', 37)
#1 C:\jasa1\system\View\View.php(210): include('C:\\jasa1\\app\\Vi...')
#2 C:\jasa1\system\View\View.php(213): CodeIgniter\View\View->CodeIgniter\View\{closure}()
#3 C:\jasa1\system\Common.php(1089): CodeIgniter\View\View->render('sales', Array, true)
#4 C:\jasa1\app\Views\index.php(485): view('sales')
#5 C:\jasa1\system\View\View.php(210): include('C:\\jasa1\\app\\Vi...')
#6 C:\jasa1\system\View\View.php(213): CodeIgniter\View\View->CodeIgniter\View\{closure}()
#7 C:\jasa1\system\Common.php(1089): CodeIgniter\View\View->render('index', Array, true)
#8 C:\jasa1\app\Controllers\Home.php(17): view('index', Array)
#9 C:\jasa1\system\CodeIgniter.php(832): App\Controllers\Home->index()
#10 C:\jasa1\system\CodeIgniter.php(419): CodeIgniter\CodeIgniter->runController(Object(App\Controllers\Home))
#11 C:\jasa1\system\CodeIgniter.php(326): CodeIgniter\CodeIgniter->handleRequest(NULL, Object(Config\Cache), false)
#12 C:\jasa1\public\index.php(37): CodeIgniter\CodeIgniter->run()
#13 C:\jasa1\system\Commands\Server\rewrite.php(43): require_once('C:\\jasa1\\public...')
#14 {main}
CRITICAL - 2023-11-27 20:43:31 --> Attempt to read property "id_pelanggan" on string
#0 C:\jasa1\app\Views\sales.php(37): CodeIgniter\Debug\Exceptions->errorHandler(2, 'Attempt to read...', 'C:\\jasa1\\app\\Vi...', 37)
#1 C:\jasa1\system\View\View.php(210): include('C:\\jasa1\\app\\Vi...')
#2 C:\jasa1\system\View\View.php(213): CodeIgniter\View\View->CodeIgniter\View\{closure}()
#3 C:\jasa1\system\Common.php(1089): CodeIgniter\View\View->render('sales', Array, true)
#4 C:\jasa1\app\Views\index.php(485): view('sales')
#5 C:\jasa1\system\View\View.php(210): include('C:\\jasa1\\app\\Vi...')
#6 C:\jasa1\system\View\View.php(213): CodeIgniter\View\View->CodeIgniter\View\{closure}()
#7 C:\jasa1\system\Common.php(1089): CodeIgniter\View\View->render('index', Array, true)
#8 C:\jasa1\app\Controllers\Home.php(17): view('index', Array)
#9 C:\jasa1\system\CodeIgniter.php(832): App\Controllers\Home->index()
#10 C:\jasa1\system\CodeIgniter.php(419): CodeIgniter\CodeIgniter->runController(Object(App\Controllers\Home))
#11 C:\jasa1\system\CodeIgniter.php(326): CodeIgniter\CodeIgniter->handleRequest(NULL, Object(Config\Cache), false)
#12 C:\jasa1\public\index.php(37): CodeIgniter\CodeIgniter->run()
#13 C:\jasa1\system\Commands\Server\rewrite.php(43): require_once('C:\\jasa1\\public...')
#14 {main}
CRITICAL - 2023-11-27 20:43:32 --> Attempt to read property "id_pelanggan" on string
#0 C:\jasa1\app\Views\sales.php(37): CodeIgniter\Debug\Exceptions->errorHandler(2, 'Attempt to read...', 'C:\\jasa1\\app\\Vi...', 37)
#1 C:\jasa1\system\View\View.php(210): include('C:\\jasa1\\app\\Vi...')
#2 C:\jasa1\system\View\View.php(213): CodeIgniter\View\View->CodeIgniter\View\{closure}()
#3 C:\jasa1\system\Common.php(1089): CodeIgniter\View\View->render('sales', Array, true)
#4 C:\jasa1\app\Views\index.php(485): view('sales')
#5 C:\jasa1\system\View\View.php(210): include('C:\\jasa1\\app\\Vi...')
#6 C:\jasa1\system\View\View.php(213): CodeIgniter\View\View->CodeIgniter\View\{closure}()
#7 C:\jasa1\system\Common.php(1089): CodeIgniter\View\View->render('index', Array, true)
#8 C:\jasa1\app\Controllers\Home.php(17): view('index', Array)
#9 C:\jasa1\system\CodeIgniter.php(832): App\Controllers\Home->index()
#10 C:\jasa1\system\CodeIgniter.php(419): CodeIgniter\CodeIgniter->runController(Object(App\Controllers\Home))
#11 C:\jasa1\system\CodeIgniter.php(326): CodeIgniter\CodeIgniter->handleRequest(NULL, Object(Config\Cache), false)
#12 C:\jasa1\public\index.php(37): CodeIgniter\CodeIgniter->run()
#13 C:\jasa1\system\Commands\Server\rewrite.php(43): require_once('C:\\jasa1\\public...')
#14 {main}
CRITICAL - 2023-11-27 20:43:54 --> Undefined variable $id_pelanggan
#0 C:\jasa1\app\Views\sales.php(37): CodeIgniter\Debug\Exceptions->errorHandler(2, 'Undefined varia...', 'C:\\jasa1\\app\\Vi...', 37)
#1 C:\jasa1\system\View\View.php(210): include('C:\\jasa1\\app\\Vi...')
#2 C:\jasa1\system\View\View.php(213): CodeIgniter\View\View->CodeIgniter\View\{closure}()
#3 C:\jasa1\system\Common.php(1089): CodeIgniter\View\View->render('sales', Array, true)
#4 C:\jasa1\app\Views\index.php(485): view('sales')
#5 C:\jasa1\system\View\View.php(210): include('C:\\jasa1\\app\\Vi...')
#6 C:\jasa1\system\View\View.php(213): CodeIgniter\View\View->CodeIgniter\View\{closure}()
#7 C:\jasa1\system\Common.php(1089): CodeIgniter\View\View->render('index', Array, true)
#8 C:\jasa1\app\Controllers\Home.php(17): view('index', Array)
#9 C:\jasa1\system\CodeIgniter.php(832): App\Controllers\Home->index()
#10 C:\jasa1\system\CodeIgniter.php(419): CodeIgniter\CodeIgniter->runController(Object(App\Controllers\Home))
#11 C:\jasa1\system\CodeIgniter.php(326): CodeIgniter\CodeIgniter->handleRequest(NULL, Object(Config\Cache), false)
#12 C:\jasa1\public\index.php(37): CodeIgniter\CodeIgniter->run()
#13 C:\jasa1\system\Commands\Server\rewrite.php(43): require_once('C:\\jasa1\\public...')
#14 {main}
CRITICAL - 2023-11-27 20:43:55 --> Undefined variable $id_pelanggan
#0 C:\jasa1\app\Views\sales.php(37): CodeIgniter\Debug\Exceptions->errorHandler(2, 'Undefined varia...', 'C:\\jasa1\\app\\Vi...', 37)
#1 C:\jasa1\system\View\View.php(210): include('C:\\jasa1\\app\\Vi...')
#2 C:\jasa1\system\View\View.php(213): CodeIgniter\View\View->CodeIgniter\View\{closure}()
#3 C:\jasa1\system\Common.php(1089): CodeIgniter\View\View->render('sales', Array, true)
#4 C:\jasa1\app\Views\index.php(485): view('sales')
#5 C:\jasa1\system\View\View.php(210): include('C:\\jasa1\\app\\Vi...')
#6 C:\jasa1\system\View\View.php(213): CodeIgniter\View\View->CodeIgniter\View\{closure}()
#7 C:\jasa1\system\Common.php(1089): CodeIgniter\View\View->render('index', Array, true)
#8 C:\jasa1\app\Controllers\Home.php(17): view('index', Array)
#9 C:\jasa1\system\CodeIgniter.php(832): App\Controllers\Home->index()
#10 C:\jasa1\system\CodeIgniter.php(419): CodeIgniter\CodeIgniter->runController(Object(App\Controllers\Home))
#11 C:\jasa1\system\CodeIgniter.php(326): CodeIgniter\CodeIgniter->handleRequest(NULL, Object(Config\Cache), false)
#12 C:\jasa1\public\index.php(37): CodeIgniter\CodeIgniter->run()
#13 C:\jasa1\system\Commands\Server\rewrite.php(43): require_once('C:\\jasa1\\public...')
#14 {main}
CRITICAL - 2023-11-27 20:44:01 --> Attempt to read property "id_pelanggan" on string
#0 C:\jasa1\app\Views\sales.php(37): CodeIgniter\Debug\Exceptions->errorHandler(2, 'Attempt to read...', 'C:\\jasa1\\app\\Vi...', 37)
#1 C:\jasa1\system\View\View.php(210): include('C:\\jasa1\\app\\Vi...')
#2 C:\jasa1\system\View\View.php(213): CodeIgniter\View\View->CodeIgniter\View\{closure}()
#3 C:\jasa1\system\Common.php(1089): CodeIgniter\View\View->render('sales', Array, true)
#4 C:\jasa1\app\Views\index.php(485): view('sales')
#5 C:\jasa1\system\View\View.php(210): include('C:\\jasa1\\app\\Vi...')
#6 C:\jasa1\system\View\View.php(213): CodeIgniter\View\View->CodeIgniter\View\{closure}()
#7 C:\jasa1\system\Common.php(1089): CodeIgniter\View\View->render('index', Array, true)
#8 C:\jasa1\app\Controllers\Home.php(17): view('index', Array)
#9 C:\jasa1\system\CodeIgniter.php(832): App\Controllers\Home->index()
#10 C:\jasa1\system\CodeIgniter.php(419): CodeIgniter\CodeIgniter->runController(Object(App\Controllers\Home))
#11 C:\jasa1\system\CodeIgniter.php(326): CodeIgniter\CodeIgniter->handleRequest(NULL, Object(Config\Cache), false)
#12 C:\jasa1\public\index.php(37): CodeIgniter\CodeIgniter->run()
#13 C:\jasa1\system\Commands\Server\rewrite.php(43): require_once('C:\\jasa1\\public...')
#14 {main}
CRITICAL - 2023-11-27 20:44:14 --> Attempt to read property "id_pelanggan" on string
#0 C:\jasa1\app\Views\sales.php(37): CodeIgniter\Debug\Exceptions->errorHandler(2, 'Attempt to read...', 'C:\\jasa1\\app\\Vi...', 37)
#1 C:\jasa1\system\View\View.php(210): include('C:\\jasa1\\app\\Vi...')
#2 C:\jasa1\system\View\View.php(213): CodeIgniter\View\View->CodeIgniter\View\{closure}()
#3 C:\jasa1\system\Common.php(1089): CodeIgniter\View\View->render('sales', Array, true)
#4 C:\jasa1\app\Views\index.php(485): view('sales')
#5 C:\jasa1\system\View\View.php(210): include('C:\\jasa1\\app\\Vi...')
#6 C:\jasa1\system\View\View.php(213): CodeIgniter\View\View->CodeIgniter\View\{closure}()
#7 C:\jasa1\system\Common.php(1089): CodeIgniter\View\View->render('index', Array, true)
#8 C:\jasa1\app\Controllers\Home.php(17): view('index', Array)
#9 C:\jasa1\system\CodeIgniter.php(832): App\Controllers\Home->index()
#10 C:\jasa1\system\CodeIgniter.php(419): CodeIgniter\CodeIgniter->runController(Object(App\Controllers\Home))
#11 C:\jasa1\system\CodeIgniter.php(326): CodeIgniter\CodeIgniter->handleRequest(NULL, Object(Config\Cache), false)
#12 C:\jasa1\public\index.php(37): CodeIgniter\CodeIgniter->run()
#13 C:\jasa1\system\Commands\Server\rewrite.php(43): require_once('C:\\jasa1\\public...')
#14 {main}
CRITICAL - 2023-11-27 20:44:29 --> syntax error, unexpected token ";"
#0 C:\jasa1\system\View\View.php(213): CodeIgniter\View\View->CodeIgniter\View\{closure}()
#1 C:\jasa1\system\Common.php(1089): CodeIgniter\View\View->render('sales', Array, true)
#2 C:\jasa1\app\Views\index.php(485): view('sales')
#3 C:\jasa1\system\View\View.php(210): include('C:\\jasa1\\app\\Vi...')
#4 C:\jasa1\system\View\View.php(213): CodeIgniter\View\View->CodeIgniter\View\{closure}()
#5 C:\jasa1\system\Common.php(1089): CodeIgniter\View\View->render('index', Array, true)
#6 C:\jasa1\app\Controllers\Home.php(17): view('index', Array)
#7 C:\jasa1\system\CodeIgniter.php(832): App\Controllers\Home->index()
#8 C:\jasa1\system\CodeIgniter.php(419): CodeIgniter\CodeIgniter->runController(Object(App\Controllers\Home))
#9 C:\jasa1\system\CodeIgniter.php(326): CodeIgniter\CodeIgniter->handleRequest(NULL, Object(Config\Cache), false)
#10 C:\jasa1\public\index.php(37): CodeIgniter\CodeIgniter->run()
#11 C:\jasa1\system\Commands\Server\rewrite.php(43): require_once('C:\\jasa1\\public...')
#12 {main}
CRITICAL - 2023-11-27 20:44:31 --> syntax error, unexpected token ";"
#0 C:\jasa1\system\View\View.php(213): CodeIgniter\View\View->CodeIgniter\View\{closure}()
#1 C:\jasa1\system\Common.php(1089): CodeIgniter\View\View->render('sales', Array, true)
#2 C:\jasa1\app\Views\index.php(485): view('sales')
#3 C:\jasa1\system\View\View.php(210): include('C:\\jasa1\\app\\Vi...')
#4 C:\jasa1\system\View\View.php(213): CodeIgniter\View\View->CodeIgniter\View\{closure}()
#5 C:\jasa1\system\Common.php(1089): CodeIgniter\View\View->render('index', Array, true)
#6 C:\jasa1\app\Controllers\Home.php(17): view('index', Array)
#7 C:\jasa1\system\CodeIgniter.php(832): App\Controllers\Home->index()
#8 C:\jasa1\system\CodeIgniter.php(419): CodeIgniter\CodeIgniter->runController(Object(App\Controllers\Home))
#9 C:\jasa1\system\CodeIgniter.php(326): CodeIgniter\CodeIgniter->handleRequest(NULL, Object(Config\Cache), false)
#10 C:\jasa1\public\index.php(37): CodeIgniter\CodeIgniter->run()
#11 C:\jasa1\system\Commands\Server\rewrite.php(43): require_once('C:\\jasa1\\public...')
#12 {main}
CRITICAL - 2023-11-27 20:45:02 --> Attempt to read property "id_pelanggan" on string
#0 C:\jasa1\app\Views\sales.php(37): CodeIgniter\Debug\Exceptions->errorHandler(2, 'Attempt to read...', 'C:\\jasa1\\app\\Vi...', 37)
#1 C:\jasa1\system\View\View.php(210): include('C:\\jasa1\\app\\Vi...')
#2 C:\jasa1\system\View\View.php(213): CodeIgniter\View\View->CodeIgniter\View\{closure}()
#3 C:\jasa1\system\Common.php(1089): CodeIgniter\View\View->render('sales', Array, true)
#4 C:\jasa1\app\Views\index.php(485): view('sales')
#5 C:\jasa1\system\View\View.php(210): include('C:\\jasa1\\app\\Vi...')
#6 C:\jasa1\system\View\View.php(213): CodeIgniter\View\View->CodeIgniter\View\{closure}()
#7 C:\jasa1\system\Common.php(1089): CodeIgniter\View\View->render('index', Array, true)
#8 C:\jasa1\app\Controllers\Home.php(17): view('index', Array)
#9 C:\jasa1\system\CodeIgniter.php(832): App\Controllers\Home->index()
#10 C:\jasa1\system\CodeIgniter.php(419): CodeIgniter\CodeIgniter->runController(Object(App\Controllers\Home))
#11 C:\jasa1\system\CodeIgniter.php(326): CodeIgniter\CodeIgniter->handleRequest(NULL, Object(Config\Cache), false)
#12 C:\jasa1\public\index.php(37): CodeIgniter\CodeIgniter->run()
#13 C:\jasa1\system\Commands\Server\rewrite.php(43): require_once('C:\\jasa1\\public...')
#14 {main}
CRITICAL - 2023-11-27 20:46:40 --> Undefined variable $no
#0 C:\jasa1\app\Views\sales.php(37): CodeIgniter\Debug\Exceptions->errorHandler(2, 'Undefined varia...', 'C:\\jasa1\\app\\Vi...', 37)
#1 C:\jasa1\system\View\View.php(210): include('C:\\jasa1\\app\\Vi...')
#2 C:\jasa1\system\View\View.php(213): CodeIgniter\View\View->CodeIgniter\View\{closure}()
#3 C:\jasa1\system\Common.php(1089): CodeIgniter\View\View->render('sales', Array, true)
#4 C:\jasa1\app\Views\index.php(485): view('sales')
#5 C:\jasa1\system\View\View.php(210): include('C:\\jasa1\\app\\Vi...')
#6 C:\jasa1\system\View\View.php(213): CodeIgniter\View\View->CodeIgniter\View\{closure}()
#7 C:\jasa1\system\Common.php(1089): CodeIgniter\View\View->render('index', Array, true)
#8 C:\jasa1\app\Controllers\Home.php(17): view('index', Array)
#9 C:\jasa1\system\CodeIgniter.php(832): App\Controllers\Home->index()
#10 C:\jasa1\system\CodeIgniter.php(419): CodeIgniter\CodeIgniter->runController(Object(App\Controllers\Home))
#11 C:\jasa1\system\CodeIgniter.php(326): CodeIgniter\CodeIgniter->handleRequest(NULL, Object(Config\Cache), false)
#12 C:\jasa1\public\index.php(37): CodeIgniter\CodeIgniter->run()
#13 C:\jasa1\system\Commands\Server\rewrite.php(43): require_once('C:\\jasa1\\public...')
#14 {main}
CRITICAL - 2023-11-27 20:47:22 --> Attempt to read property "id_pelanggan" on string
#0 C:\jasa1\app\Views\sales.php(39): CodeIgniter\Debug\Exceptions->errorHandler(2, 'Attempt to read...', 'C:\\jasa1\\app\\Vi...', 39)
#1 C:\jasa1\system\View\View.php(210): include('C:\\jasa1\\app\\Vi...')
#2 C:\jasa1\system\View\View.php(213): CodeIgniter\View\View->CodeIgniter\View\{closure}()
#3 C:\jasa1\system\Common.php(1089): CodeIgniter\View\View->render('sales', Array, true)
#4 C:\jasa1\app\Views\index.php(485): view('sales')
#5 C:\jasa1\system\View\View.php(210): include('C:\\jasa1\\app\\Vi...')
#6 C:\jasa1\system\View\View.php(213): CodeIgniter\View\View->CodeIgniter\View\{closure}()
#7 C:\jasa1\system\Common.php(1089): CodeIgniter\View\View->render('index', Array, true)
#8 C:\jasa1\app\Controllers\Home.php(17): view('index', Array)
#9 C:\jasa1\system\CodeIgniter.php(832): App\Controllers\Home->index()
#10 C:\jasa1\system\CodeIgniter.php(419): CodeIgniter\CodeIgniter->runController(Object(App\Controllers\Home))
#11 C:\jasa1\system\CodeIgniter.php(326): CodeIgniter\CodeIgniter->handleRequest(NULL, Object(Config\Cache), false)
#12 C:\jasa1\public\index.php(37): CodeIgniter\CodeIgniter->run()
#13 C:\jasa1\system\Commands\Server\rewrite.php(43): require_once('C:\\jasa1\\public...')
#14 {main}
CRITICAL - 2023-11-27 20:49:51 --> syntax error, unexpected token "++", expecting "," or ";"
#0 C:\jasa1\system\View\View.php(213): CodeIgniter\View\View->CodeIgniter\View\{closure}()
#1 C:\jasa1\system\Common.php(1089): CodeIgniter\View\View->render('ph', Array, true)
#2 C:\jasa1\app\Views\index.php(485): view('ph')
#3 C:\jasa1\system\View\View.php(210): include('C:\\jasa1\\app\\Vi...')
#4 C:\jasa1\system\View\View.php(213): CodeIgniter\View\View->CodeIgniter\View\{closure}()
#5 C:\jasa1\system\Common.php(1089): CodeIgniter\View\View->render('index', Array, true)
#6 C:\jasa1\app\Controllers\Home.php(73): view('index', Array)
#7 C:\jasa1\system\CodeIgniter.php(832): App\Controllers\Home->ph()
#8 C:\jasa1\system\CodeIgniter.php(419): CodeIgniter\CodeIgniter->runController(Object(App\Controllers\Home))
#9 C:\jasa1\system\CodeIgniter.php(326): CodeIgniter\CodeIgniter->handleRequest(NULL, Object(Config\Cache), false)
#10 C:\jasa1\public\index.php(37): CodeIgniter\CodeIgniter->run()
#11 C:\jasa1\system\Commands\Server\rewrite.php(43): require_once('C:\\jasa1\\public...')
#12 {main}
CRITICAL - 2023-11-27 20:52:39 --> Attempt to read property "kodebrngmasuk" on string
#0 C:\jasa1\app\Views\ph.php(40): CodeIgniter\Debug\Exceptions->errorHandler(2, 'Attempt to read...', 'C:\\jasa1\\app\\Vi...', 40)
#1 C:\jasa1\system\View\View.php(210): include('C:\\jasa1\\app\\Vi...')
#2 C:\jasa1\system\View\View.php(213): CodeIgniter\View\View->CodeIgniter\View\{closure}()
#3 C:\jasa1\system\Common.php(1089): CodeIgniter\View\View->render('ph', Array, true)
#4 C:\jasa1\app\Views\index.php(485): view('ph')
#5 C:\jasa1\system\View\View.php(210): include('C:\\jasa1\\app\\Vi...')
#6 C:\jasa1\system\View\View.php(213): CodeIgniter\View\View->CodeIgniter\View\{closure}()
#7 C:\jasa1\system\Common.php(1089): CodeIgniter\View\View->render('index', Array, true)
#8 C:\jasa1\app\Controllers\Home.php(73): view('index', Array)
#9 C:\jasa1\system\CodeIgniter.php(832): App\Controllers\Home->ph()
#10 C:\jasa1\system\CodeIgniter.php(419): CodeIgniter\CodeIgniter->runController(Object(App\Controllers\Home))
#11 C:\jasa1\system\CodeIgniter.php(326): CodeIgniter\CodeIgniter->handleRequest(NULL, Object(Config\Cache), false)
#12 C:\jasa1\public\index.php(37): CodeIgniter\CodeIgniter->run()
#13 C:\jasa1\system\Commands\Server\rewrite.php(43): require_once('C:\\jasa1\\public...')
#14 {main}
CRITICAL - 2023-11-27 20:54:12 --> Attempt to read property "kodebrngmasuk" on string
#0 C:\jasa1\app\Views\ph.php(40): CodeIgniter\Debug\Exceptions->errorHandler(2, 'Attempt to read...', 'C:\\jasa1\\app\\Vi...', 40)
#1 C:\jasa1\system\View\View.php(210): include('C:\\jasa1\\app\\Vi...')
#2 C:\jasa1\system\View\View.php(213): CodeIgniter\View\View->CodeIgniter\View\{closure}()
#3 C:\jasa1\system\Common.php(1089): CodeIgniter\View\View->render('ph', Array, true)
#4 C:\jasa1\app\Views\index.php(485): view('ph')
#5 C:\jasa1\system\View\View.php(210): include('C:\\jasa1\\app\\Vi...')
#6 C:\jasa1\system\View\View.php(213): CodeIgniter\View\View->CodeIgniter\View\{closure}()
#7 C:\jasa1\system\Common.php(1089): CodeIgniter\View\View->render('index', Array, true)
#8 C:\jasa1\app\Controllers\Home.php(73): view('index', Array)
#9 C:\jasa1\system\CodeIgniter.php(832): App\Controllers\Home->ph()
#10 C:\jasa1\system\CodeIgniter.php(419): CodeIgniter\CodeIgniter->runController(Object(App\Controllers\Home))
#11 C:\jasa1\system\CodeIgniter.php(326): CodeIgniter\CodeIgniter->handleRequest(NULL, Object(Config\Cache), false)
#12 C:\jasa1\public\index.php(37): CodeIgniter\CodeIgniter->run()
#13 C:\jasa1\system\Commands\Server\rewrite.php(43): require_once('C:\\jasa1\\public...')
#14 {main}
CRITICAL - 2023-11-27 20:56:18 --> Attempt to read property "kodebrngmasuk" on string
#0 C:\jasa1\app\Views\ph.php(40): CodeIgniter\Debug\Exceptions->errorHandler(2, 'Attempt to read...', 'C:\\jasa1\\app\\Vi...', 40)
#1 C:\jasa1\system\View\View.php(210): include('C:\\jasa1\\app\\Vi...')
#2 C:\jasa1\system\View\View.php(213): CodeIgniter\View\View->CodeIgniter\View\{closure}()
#3 C:\jasa1\system\Common.php(1089): CodeIgniter\View\View->render('ph', Array, true)
#4 C:\jasa1\app\Views\index.php(485): view('ph')
#5 C:\jasa1\system\View\View.php(210): include('C:\\jasa1\\app\\Vi...')
#6 C:\jasa1\system\View\View.php(213): CodeIgniter\View\View->CodeIgniter\View\{closure}()
#7 C:\jasa1\system\Common.php(1089): CodeIgniter\View\View->render('index', Array, true)
#8 C:\jasa1\app\Controllers\Home.php(74): view('index', Array)
#9 C:\jasa1\system\CodeIgniter.php(832): App\Controllers\Home->ph()
#10 C:\jasa1\system\CodeIgniter.php(419): CodeIgniter\CodeIgniter->runController(Object(App\Controllers\Home))
#11 C:\jasa1\system\CodeIgniter.php(326): CodeIgniter\CodeIgniter->handleRequest(NULL, Object(Config\Cache), false)
#12 C:\jasa1\public\index.php(37): CodeIgniter\CodeIgniter->run()
#13 C:\jasa1\system\Commands\Server\rewrite.php(43): require_once('C:\\jasa1\\public...')
#14 {main}
